2026-04-05 21:51:12,335 [INFO] ✅ Загружено: test_form_data.json
2026-04-05 21:51:12,335 [INFO] ============================================================
2026-04-05 21:51:12,335 [INFO] Huntr.com Auto-Fill v2.0
2026-04-05 21:51:12,335 [INFO] ============================================================
2026-04-05 21:51:12,335 [INFO] Validation: 0 errors, 0 warnings
2026-04-05 21:51:12,335 [INFO] ✅ Validation passed
2026-04-05 21:51:12,335 [INFO] 🔍 DRY RUN MODE — валидация завершена, без подключения к Chrome
2026-04-05 21:51:12,497 [INFO] ✅ Загружено: bad_data.json
2026-04-05 21:51:12,497 [INFO] ============================================================
2026-04-05 21:51:12,497 [INFO] Huntr.com Auto-Fill v2.0
2026-04-05 21:51:12,497 [INFO] ============================================================
2026-04-05 21:51:12,497 [INFO] Validation: 12 errors, 1 warnings
2026-04-05 21:51:12,497 [WARNING]   ⚠️  title: слишком короткий (5 < 10 символов)
2026-04-05 21:51:12,497 [ERROR]   ❌ description: отсутствует
2026-04-05 21:51:12,497 [ERROR]   ❌ impact: отсутствует
2026-04-05 21:51:12,497 [ERROR]   ❌ occurrences.permalink: отсутствует
2026-04-05 21:51:12,497 [ERROR]   ❌ occurrences.description: отсутствует
2026-04-05 21:51:12,497 [ERROR]   ❌ cvss.attack_vector: 'Invalid' не в ['Network', 'Adjacent', 'Local', 'Physical']
2026-04-05 21:51:12,497 [ERROR]   ❌ cvss.attack_complexity: отсутствует
2026-04-05 21:51:12,497 [ERROR]   ❌ cvss.privileges_required: отсутствует
2026-04-05 21:51:12,497 [ERROR]   ❌ cvss.user_interaction: отсутствует
2026-04-05 21:51:12,497 [ERROR]   ❌ cvss.scope: отсутствует
2026-04-05 21:51:12,497 [ERROR]   ❌ cvss.confidentiality: отсутствует
2026-04-05 21:51:12,497 [ERROR]   ❌ cvss.integrity: отсутствует
2026-04-05 21:51:12,497 [ERROR]   ❌ cvss.availability: отсутствует
2026-04-05 21:51:12,497 [ERROR] VALIDATION FAILED: 12 ошибок. Исправьте перед запуском.
2026-04-05 21:51:12,497 [ERROR] ❌ Валидация не пройдена. Скрипт остановлен.
